<?xml version="1.0" encoding="UTF-8"?>
<!-- Generated by org.testng.reporters.JUnitReportReporter -->
<testsuite hostname="HMECL004873" failures="0" tests="1" name="Modificationnamepage.SearchcriteriaTest" time="21.022" errors="0" timestamp="2023-03-23T13:23:02 IST" skipped="0">
  <testcase classname="Modificationnamepage.SearchcriteriaTest" name="Modificationpagesearchcriteria" time="21.022"/>
  <system-out/>
</testsuite> <!-- Modificationnamepage.SearchcriteriaTest -->
