<?xml version="1.0" encoding="UTF-8"?>
<!-- Generated by org.testng.reporters.JUnitReportReporter -->
<testsuite hostname="HMECL004873" failures="0" tests="1" name="Productgroup_page.ProductgroupLogin" time="35.939" errors="0" timestamp="2023-03-23T16:18:58 IST" skipped="0">
  <testcase classname="Productgroup_page.ProductgroupLogin" name="verifyLoggingIntoApplicationWithValidCredentials" time="35.939"/>
  <system-out/>
</testsuite> <!-- Productgroup_page.ProductgroupLogin -->
