<?xml version="1.0" encoding="UTF-8"?>
<!-- Generated by org.testng.reporters.JUnitReportReporter -->
<testsuite hostname="HMECL004873" failures="0" tests="1" name="Modificationnamepage.LoginTest" time="19.815" errors="0" timestamp="2023-03-23T13:10:26 IST" skipped="0">
  <testcase classname="Modificationnamepage.LoginTest" name="verifyLoggingIntoApplicationWithValidCredentials" time="19.815"/>
  <system-out/>
</testsuite> <!-- Modificationnamepage.LoginTest -->
