<?xml version="1.0" encoding="UTF-8"?>
<!-- Generated by org.testng.reporters.JUnitReportReporter -->
<testsuite hostname="HMECL004873" failures="0" tests="1" name="Recipeset_page.Recipesetpage_login" time="14.423" errors="0" timestamp="2023-03-23T22:15:46 IST" skipped="0">
  <testcase classname="Recipeset_page.Recipesetpage_login" name="reciprtypepagelogin" time="14.423"/>
  <system-out/>
</testsuite> <!-- Recipeset_page.Recipesetpage_login -->
