<?xml version="1.0" encoding="UTF-8"?>
<!-- Generated by org.testng.reporters.JUnitReportReporter -->
<testsuite hostname="HMECL004873" failures="0" tests="1" name="Modificationnamepage.Modificationpage_reset" time="33.862" errors="0" timestamp="2023-03-23T23:27:26 IST" skipped="0">
  <testcase classname="Modificationnamepage.Modificationpage_reset" name="Modificationpagereset" time="33.862"/>
  <system-out/>
</testsuite> <!-- Modificationnamepage.Modificationpage_reset -->
