<?xml version="1.0" encoding="UTF-8"?>
<!-- Generated by org.testng.reporters.JUnitReportReporter -->
<testsuite hostname="HMECL004873" failures="0" tests="1" name="Recipetype_page.Recipetypepagelogin" time="11.506" errors="0" timestamp="2023-03-23T16:16:15 IST" skipped="0">
  <testcase classname="Recipetype_page.Recipetypepagelogin" name="verifyLoggingIntoApplicationWithValidCredentials" time="11.506"/>
  <system-out/>
</testsuite> <!-- Recipetype_page.Recipetypepagelogin -->
