<?xml version="1.0" encoding="UTF-8"?>
<!-- Generated by org.testng.reporters.JUnitReportReporter -->
<testsuite hostname="HMECL004873" failures="0" tests="1" name="login" time="4.253" errors="0" timestamp="2023-03-24T14:59:49 IST" skipped="0">
  <testcase classname="login" name="verifyLoggingIntoApplicationWithValidCredentials" time="4.253"/>
  <system-out/>
</testsuite> <!-- login -->
