<?xml version="1.0" encoding="UTF-8"?>
<!-- Generated by org.testng.reporters.JUnitReportReporter -->
<testsuite hostname="HMECL004873" failures="0" tests="1" name="com.tutorialninja.qa.test.LoginTest" time="22.411" errors="0" timestamp="2023-03-20T17:21:09 IST" skipped="0">
  <testcase classname="com.tutorialninja.qa.test.LoginTest" name="verifyLoggingIntoApplicationWithValidCredentials" time="22.411"/>
  <system-out/>
</testsuite> <!-- com.tutorialninja.qa.test.LoginTest -->
